Watching for file changes with StatReloader
Performing system checks...

System check identified some issues:

WARNINGS:
todos.Todo: (models.W042) Auto-created primary key used when not defining a primary key type, by default 'django.db.models.AutoField'.
	HINT: Configure the DEFAULT_AUTO_FIELD setting or the TodosConfig.default_auto_field attribute to point to a subclass of AutoField, e.g. 'django.db.models.BigAutoField'.

System check identified 1 issue (0 silenced).
Error: That port is already in use.
Watching for file changes with StatReloader
Performing system checks...

System check identified some issues:

WARNINGS:
todos.Todo: (models.W042) Auto-created primary key used when not defining a primary key type, by default 'django.db.models.AutoField'.
	HINT: Configure the DEFAULT_AUTO_FIELD setting or the TodosConfig.default_auto_field attribute to point to a subclass of AutoField, e.g. 'django.db.models.BigAutoField'.

System check identified 1 issue (0 silenced).
Error: That port is already in use.
Watching for file changes with StatReloader
Performing system checks...

System check identified some issues:

WARNINGS:
todos.Todo: (models.W042) Auto-created primary key used when not defining a primary key type, by default 'django.db.models.AutoField'.
	HINT: Configure the DEFAULT_AUTO_FIELD setting or the TodosConfig.default_auto_field attribute to point to a subclass of AutoField, e.g. 'django.db.models.BigAutoField'.

System check identified 1 issue (0 silenced).
July 13, 2024 - 12:36:17
Django version 4.2.11, using settings 'todoApp.settings'
Starting development server at http://0.0.0.0:8001/
Quit the server with CONTROL-C.

[13/Jul/2024 12:36:26] "POST /todos/add/ HTTP/1.1" 302 0
[13/Jul/2024 12:36:26] "GET /todos/ HTTP/1.1" 200 4106
[13/Jul/2024 12:36:26] "GET /static/css/style.css HTTP/1.1" 304 0
[13/Jul/2024 12:56:48] code 400, message Bad request version ('À\x14À')
[13/Jul/2024 12:56:48] You're accessing the development server over HTTPS, but it only supports HTTP.
[13/Jul/2024 13:04:55,037] - Broken pipe from ('45.33.109.10', 58147)
[13/Jul/2024 13:04:55] "GET / HTTP/1.1" 302 0
[13/Jul/2024 13:04:55,423] - Broken pipe from ('45.33.109.10', 58148)
[13/Jul/2024 13:05:07] "GET / HTTP/1.1" 302 0
